\BOOKMARK [0][]{theabsanchor-swedish.0}{Sammanfattning}{}% 1
\BOOKMARK [0][]{theabsanchor-english.0}{Abstract}{}% 2
\BOOKMARK [0][]{theackanchor.0}{Acknowledgments}{}% 3
\BOOKMARK [0][]{thetocanchor.0}{Contents}{}% 4
\BOOKMARK [0][]{section*.7}{Notation}{}% 5
\BOOKMARK [0][]{chapter.1}{1 Introduction}{}% 6
\BOOKMARK [1][-]{section.1.1}{1.1 Background}{chapter.1}% 7
\BOOKMARK [1][-]{section.1.2}{1.2 Problem description}{chapter.1}% 8
\BOOKMARK [1][-]{section.1.3}{1.3 Limitations}{chapter.1}% 9
\BOOKMARK [2][-]{subsection.1.3.1}{1.3.1 Data set}{section.1.3}% 10
\BOOKMARK [2][-]{subsection.1.3.2}{1.3.2 Loss of depth}{section.1.3}% 11
\BOOKMARK [2][-]{subsection.1.3.3}{1.3.3 Image artefacts}{section.1.3}% 12
\BOOKMARK [0][]{chapter.2}{2 Theory}{}% 13
\BOOKMARK [1][-]{section.2.1}{2.1 Machine learning}{chapter.2}% 14
\BOOKMARK [2][-]{subsection.2.1.1}{2.1.1 Convolutional Neural Networks}{section.2.1}% 15
\BOOKMARK [1][-]{section.2.2}{2.2 Problem outline}{chapter.2}% 16
\BOOKMARK [0][]{chapter.3}{3 Method}{}% 17
\BOOKMARK [1][-]{section.3.1}{3.1 Data gathering}{chapter.3}% 18
\BOOKMARK [1][-]{section.3.2}{3.2 Implementation}{chapter.3}% 19
\BOOKMARK [2][-]{subsection.3.2.1}{3.2.1 Neural network structure}{section.3.2}% 20
\BOOKMARK [2][-]{subsection.3.2.2}{3.2.2 Programming language}{section.3.2}% 21
\BOOKMARK [2][-]{subsection.3.2.3}{3.2.3 Preprocessing}{section.3.2}% 22
\BOOKMARK [1][-]{section.3.3}{3.3 Evaluation}{chapter.3}% 23
\BOOKMARK [0][]{chapter.4}{4 Results}{}% 24
\BOOKMARK [1][-]{section.4.1}{4.1 Overview}{chapter.4}% 25
\BOOKMARK [0][]{chapter.5}{5 Conclusion}{}% 26
\BOOKMARK [1][-]{section.5.1}{5.1 Conclusion}{chapter.5}% 27
\BOOKMARK [1][-]{section.5.2}{5.2 Future Work}{chapter.5}% 28
\BOOKMARK [2][-]{subsection.5.2.1}{5.2.1 Data gathering}{section.5.2}% 29
